<?xml version="1.0" encoding="UTF-8"?>
<!-- Generated by org.testng.reporters.JUnitReportReporter -->
<testsuite hostname="PG01WTLD" failures="0" tests="1" name="Test.Amazon_Test" time="27.664" errors="0" timestamp="2024-09-20T17:46:17 IST" skipped="0">
  <testcase classname="Test.Amazon_Test" name="AmazonSite" time="27.664"/>
  <system-out/>
</testsuite> <!-- Test.Amazon_Test -->
